2017-04-09 02:38:44,041 - requests_oauthlib.oauth1_auth - DEBUG - Signing request <PreparedRequest [POST]> using client <Client nonce=None, signature_method=HMAC-SHA1, realm=None, encoding=utf-8, timestamp=None, resource_owner_secret=****, decoding=None, verifier=None, signature_type=AUTH_HEADER, rsa_key=None, resource_owner_key=343711606-1MQsOZuGfffIUovOSMC5377FRAZI8zK6BCD0mWBI, client_secret=****, callback_uri=None, client_key=Xwyo58h2AENSpVRKMXwzAGAA4>
2017-04-09 02:38:44,042 - requests_oauthlib.oauth1_auth - DEBUG - Including body in call to sign: True
2017-04-09 02:38:44,043 - oauthlib.oauth1.rfc5849 - DEBUG - Collected params: [(u'delimited', u'length'), (u'oauth_nonce', u'13179644084581957861491705524'), (u'oauth_timestamp', u'1491705524'), (u'oauth_consumer_key', u'Xwyo58h2AENSpVRKMXwzAGAA4'), (u'oauth_signature_method', u'HMAC-SHA1'), (u'oauth_version', u'1.0'), (u'oauth_token', u'343711606-1MQsOZuGfffIUovOSMC5377FRAZI8zK6BCD0mWBI'), (u'track', u'a,the,i,you,u'), (u'language', u'en')]
2017-04-09 02:38:44,073 - oauthlib.oauth1.rfc5849 - DEBUG - Normalized params: delimited=length&language=en&oauth_consumer_key=Xwyo58h2AENSpVRKMXwzAGAA4&oauth_nonce=13179644084581957861491705524&oauth_signature_method=HMAC-SHA1&oauth_timestamp=1491705524&oauth_token=343711606-1MQsOZuGfffIUovOSMC5377FRAZI8zK6BCD0mWBI&oauth_version=1.0&track=a%2Cthe%2Ci%2Cyou%2Cu
2017-04-09 02:38:44,074 - oauthlib.oauth1.rfc5849 - DEBUG - Normalized URI: https://stream.twitter.com/1.1/statuses/filter.json
2017-04-09 02:38:44,074 - oauthlib.oauth1.rfc5849 - DEBUG - Base signing string: POST&https%3A%2F%2Fstream.twitter.com%2F1.1%2Fstatuses%2Ffilter.json&delimited%3Dlength%26language%3Den%26oauth_consumer_key%3DXwyo58h2AENSpVRKMXwzAGAA4%26oauth_nonce%3D13179644084581957861491705524%26oauth_signature_method%3DHMAC-SHA1%26oauth_timestamp%3D1491705524%26oauth_token%3D343711606-1MQsOZuGfffIUovOSMC5377FRAZI8zK6BCD0mWBI%26oauth_version%3D1.0%26track%3Da%252Cthe%252Ci%252Cyou%252Cu
2017-04-09 02:38:44,075 - oauthlib.oauth1.rfc5849 - DEBUG - Signature: k8ZezQY7cmHeDmh2UDZB1I+/ioA=
2017-04-09 02:38:44,076 - requests_oauthlib.oauth1_auth - DEBUG - Updated url: https://stream.twitter.com/1.1/statuses/filter.json?delimited=length
2017-04-09 02:38:44,076 - requests_oauthlib.oauth1_auth - DEBUG - Updated headers: {u'Content-Length': u'39', u'Content-Type': u'application/x-www-form-urlencoded', u'Authorization': u'OAuth oauth_nonce="13179644084581957861491705524", oauth_timestamp="1491705524", oauth_version="1.0", oauth_signature_method="HMAC-SHA1", oauth_consumer_key="Xwyo58h2AENSpVRKMXwzAGAA4", oauth_token="343711606-1MQsOZuGfffIUovOSMC5377FRAZI8zK6BCD0mWBI", oauth_signature="k8ZezQY7cmHeDmh2UDZB1I%2B%2FioA%3D"'}
2017-04-09 02:38:44,077 - requests_oauthlib.oauth1_auth - DEBUG - Updated body: u'track=a%2Cthe%2Ci%2Cyou%2Cu&language=en'
2017-04-09 02:38:44,117 - requests.packages.urllib3.connectionpool - INFO - Starting new HTTPS connection (1): stream.twitter.com
2017-04-09 02:38:44,479 - requests.packages.urllib3.connectionpool - DEBUG - "POST /1.1/statuses/filter.json?delimited=length HTTP/1.1" 420 36
2017-04-09 02:39:44,524 - requests_oauthlib.oauth1_auth - DEBUG - Signing request <PreparedRequest [POST]> using client <Client nonce=None, signature_method=HMAC-SHA1, realm=None, encoding=utf-8, timestamp=None, resource_owner_secret=****, decoding=None, verifier=None, signature_type=AUTH_HEADER, rsa_key=None, resource_owner_key=343711606-1MQsOZuGfffIUovOSMC5377FRAZI8zK6BCD0mWBI, client_secret=****, callback_uri=None, client_key=Xwyo58h2AENSpVRKMXwzAGAA4>
2017-04-09 02:39:44,524 - requests_oauthlib.oauth1_auth - DEBUG - Including body in call to sign: True
2017-04-09 02:39:44,525 - oauthlib.oauth1.rfc5849 - DEBUG - Collected params: [(u'delimited', u'length'), (u'oauth_nonce', u'75410456274147851151491705584'), (u'oauth_timestamp', u'1491705584'), (u'oauth_consumer_key', u'Xwyo58h2AENSpVRKMXwzAGAA4'), (u'oauth_signature_method', u'HMAC-SHA1'), (u'oauth_version', u'1.0'), (u'oauth_token', u'343711606-1MQsOZuGfffIUovOSMC5377FRAZI8zK6BCD0mWBI'), (u'track', u'a,the,i,you,u'), (u'language', u'en')]
2017-04-09 02:39:44,525 - oauthlib.oauth1.rfc5849 - DEBUG - Normalized params: delimited=length&language=en&oauth_consumer_key=Xwyo58h2AENSpVRKMXwzAGAA4&oauth_nonce=75410456274147851151491705584&oauth_signature_method=HMAC-SHA1&oauth_timestamp=1491705584&oauth_token=343711606-1MQsOZuGfffIUovOSMC5377FRAZI8zK6BCD0mWBI&oauth_version=1.0&track=a%2Cthe%2Ci%2Cyou%2Cu
2017-04-09 02:39:44,526 - oauthlib.oauth1.rfc5849 - DEBUG - Normalized URI: https://stream.twitter.com/1.1/statuses/filter.json
2017-04-09 02:39:44,526 - oauthlib.oauth1.rfc5849 - DEBUG - Base signing string: POST&https%3A%2F%2Fstream.twitter.com%2F1.1%2Fstatuses%2Ffilter.json&delimited%3Dlength%26language%3Den%26oauth_consumer_key%3DXwyo58h2AENSpVRKMXwzAGAA4%26oauth_nonce%3D75410456274147851151491705584%26oauth_signature_method%3DHMAC-SHA1%26oauth_timestamp%3D1491705584%26oauth_token%3D343711606-1MQsOZuGfffIUovOSMC5377FRAZI8zK6BCD0mWBI%26oauth_version%3D1.0%26track%3Da%252Cthe%252Ci%252Cyou%252Cu
2017-04-09 02:39:44,526 - oauthlib.oauth1.rfc5849 - DEBUG - Signature: Z1Al5gGbP+Bm+h0oNKQvsC10QoQ=
2017-04-09 02:39:44,526 - requests_oauthlib.oauth1_auth - DEBUG - Updated url: https://stream.twitter.com/1.1/statuses/filter.json?delimited=length
2017-04-09 02:39:44,526 - requests_oauthlib.oauth1_auth - DEBUG - Updated headers: {u'Content-Length': u'39', u'Content-Type': u'application/x-www-form-urlencoded', u'Authorization': u'OAuth oauth_nonce="75410456274147851151491705584", oauth_timestamp="1491705584", oauth_version="1.0", oauth_signature_method="HMAC-SHA1", oauth_consumer_key="Xwyo58h2AENSpVRKMXwzAGAA4", oauth_token="343711606-1MQsOZuGfffIUovOSMC5377FRAZI8zK6BCD0mWBI", oauth_signature="Z1Al5gGbP%2BBm%2Bh0oNKQvsC10QoQ%3D"'}
2017-04-09 02:39:44,526 - requests_oauthlib.oauth1_auth - DEBUG - Updated body: u'track=a%2Cthe%2Ci%2Cyou%2Cu&language=en'
2017-04-09 02:39:44,527 - requests.packages.urllib3.connectionpool - INFO - Starting new HTTPS connection (2): stream.twitter.com
2017-04-09 02:39:44,631 - requests.packages.urllib3.connectionpool - DEBUG - "POST /1.1/statuses/filter.json?delimited=length HTTP/1.1" 200 None
