2017-04-09 02:43:09,767 - requests_oauthlib.oauth1_auth - DEBUG - Signing request <PreparedRequest [POST]> using client <Client nonce=None, signature_method=HMAC-SHA1, realm=None, encoding=utf-8, timestamp=None, resource_owner_secret=****, decoding=None, verifier=None, signature_type=AUTH_HEADER, rsa_key=None, resource_owner_key=343711606-1MQsOZuGfffIUovOSMC5377FRAZI8zK6BCD0mWBI, client_secret=****, callback_uri=None, client_key=Xwyo58h2AENSpVRKMXwzAGAA4>
2017-04-09 02:43:09,767 - requests_oauthlib.oauth1_auth - DEBUG - Including body in call to sign: True
2017-04-09 02:43:09,779 - oauthlib.oauth1.rfc5849 - DEBUG - Collected params: [(u'delimited', u'length'), (u'oauth_nonce', u'75968209746167619011491705789'), (u'oauth_timestamp', u'1491705789'), (u'oauth_consumer_key', u'Xwyo58h2AENSpVRKMXwzAGAA4'), (u'oauth_signature_method', u'HMAC-SHA1'), (u'oauth_version', u'1.0'), (u'oauth_token', u'343711606-1MQsOZuGfffIUovOSMC5377FRAZI8zK6BCD0mWBI'), (u'track', u'a,the,i,you,u'), (u'language', u'en')]
2017-04-09 02:43:09,780 - oauthlib.oauth1.rfc5849 - DEBUG - Normalized params: delimited=length&language=en&oauth_consumer_key=Xwyo58h2AENSpVRKMXwzAGAA4&oauth_nonce=75968209746167619011491705789&oauth_signature_method=HMAC-SHA1&oauth_timestamp=1491705789&oauth_token=343711606-1MQsOZuGfffIUovOSMC5377FRAZI8zK6BCD0mWBI&oauth_version=1.0&track=a%2Cthe%2Ci%2Cyou%2Cu
2017-04-09 02:43:09,780 - oauthlib.oauth1.rfc5849 - DEBUG - Normalized URI: https://stream.twitter.com/1.1/statuses/filter.json
2017-04-09 02:43:09,780 - oauthlib.oauth1.rfc5849 - DEBUG - Base signing string: POST&https%3A%2F%2Fstream.twitter.com%2F1.1%2Fstatuses%2Ffilter.json&delimited%3Dlength%26language%3Den%26oauth_consumer_key%3DXwyo58h2AENSpVRKMXwzAGAA4%26oauth_nonce%3D75968209746167619011491705789%26oauth_signature_method%3DHMAC-SHA1%26oauth_timestamp%3D1491705789%26oauth_token%3D343711606-1MQsOZuGfffIUovOSMC5377FRAZI8zK6BCD0mWBI%26oauth_version%3D1.0%26track%3Da%252Cthe%252Ci%252Cyou%252Cu
2017-04-09 02:43:09,781 - oauthlib.oauth1.rfc5849 - DEBUG - Signature: ogtp5qgkILgUv2w7uKubWqDdizQ=
2017-04-09 02:43:09,781 - requests_oauthlib.oauth1_auth - DEBUG - Updated url: https://stream.twitter.com/1.1/statuses/filter.json?delimited=length
2017-04-09 02:43:09,781 - requests_oauthlib.oauth1_auth - DEBUG - Updated headers: {u'Content-Length': u'39', u'Content-Type': u'application/x-www-form-urlencoded', u'Authorization': u'OAuth oauth_nonce="75968209746167619011491705789", oauth_timestamp="1491705789", oauth_version="1.0", oauth_signature_method="HMAC-SHA1", oauth_consumer_key="Xwyo58h2AENSpVRKMXwzAGAA4", oauth_token="343711606-1MQsOZuGfffIUovOSMC5377FRAZI8zK6BCD0mWBI", oauth_signature="ogtp5qgkILgUv2w7uKubWqDdizQ%3D"'}
2017-04-09 02:43:09,782 - requests_oauthlib.oauth1_auth - DEBUG - Updated body: u'track=a%2Cthe%2Ci%2Cyou%2Cu&language=en'
2017-04-09 02:43:09,790 - requests.packages.urllib3.connectionpool - INFO - Starting new HTTPS connection (1): stream.twitter.com
2017-04-09 02:43:09,950 - requests.packages.urllib3.connectionpool - DEBUG - "POST /1.1/statuses/filter.json?delimited=length HTTP/1.1" 420 36
2017-04-09 02:44:10,011 - requests_oauthlib.oauth1_auth - DEBUG - Signing request <PreparedRequest [POST]> using client <Client nonce=None, signature_method=HMAC-SHA1, realm=None, encoding=utf-8, timestamp=None, resource_owner_secret=****, decoding=None, verifier=None, signature_type=AUTH_HEADER, rsa_key=None, resource_owner_key=343711606-1MQsOZuGfffIUovOSMC5377FRAZI8zK6BCD0mWBI, client_secret=****, callback_uri=None, client_key=Xwyo58h2AENSpVRKMXwzAGAA4>
2017-04-09 02:44:10,012 - requests_oauthlib.oauth1_auth - DEBUG - Including body in call to sign: True
2017-04-09 02:44:10,013 - oauthlib.oauth1.rfc5849 - DEBUG - Collected params: [(u'delimited', u'length'), (u'oauth_nonce', u'112338119639609859981491705850'), (u'oauth_timestamp', u'1491705850'), (u'oauth_consumer_key', u'Xwyo58h2AENSpVRKMXwzAGAA4'), (u'oauth_signature_method', u'HMAC-SHA1'), (u'oauth_version', u'1.0'), (u'oauth_token', u'343711606-1MQsOZuGfffIUovOSMC5377FRAZI8zK6BCD0mWBI'), (u'track', u'a,the,i,you,u'), (u'language', u'en')]
2017-04-09 02:44:10,013 - oauthlib.oauth1.rfc5849 - DEBUG - Normalized params: delimited=length&language=en&oauth_consumer_key=Xwyo58h2AENSpVRKMXwzAGAA4&oauth_nonce=112338119639609859981491705850&oauth_signature_method=HMAC-SHA1&oauth_timestamp=1491705850&oauth_token=343711606-1MQsOZuGfffIUovOSMC5377FRAZI8zK6BCD0mWBI&oauth_version=1.0&track=a%2Cthe%2Ci%2Cyou%2Cu
2017-04-09 02:44:10,013 - oauthlib.oauth1.rfc5849 - DEBUG - Normalized URI: https://stream.twitter.com/1.1/statuses/filter.json
2017-04-09 02:44:10,013 - oauthlib.oauth1.rfc5849 - DEBUG - Base signing string: POST&https%3A%2F%2Fstream.twitter.com%2F1.1%2Fstatuses%2Ffilter.json&delimited%3Dlength%26language%3Den%26oauth_consumer_key%3DXwyo58h2AENSpVRKMXwzAGAA4%26oauth_nonce%3D112338119639609859981491705850%26oauth_signature_method%3DHMAC-SHA1%26oauth_timestamp%3D1491705850%26oauth_token%3D343711606-1MQsOZuGfffIUovOSMC5377FRAZI8zK6BCD0mWBI%26oauth_version%3D1.0%26track%3Da%252Cthe%252Ci%252Cyou%252Cu
2017-04-09 02:44:10,013 - oauthlib.oauth1.rfc5849 - DEBUG - Signature: Tqn6n/Oz+FbLt2ksl9oP1x+SWvQ=
2017-04-09 02:44:10,014 - requests_oauthlib.oauth1_auth - DEBUG - Updated url: https://stream.twitter.com/1.1/statuses/filter.json?delimited=length
2017-04-09 02:44:10,014 - requests_oauthlib.oauth1_auth - DEBUG - Updated headers: {u'Content-Length': u'39', u'Content-Type': u'application/x-www-form-urlencoded', u'Authorization': u'OAuth oauth_nonce="112338119639609859981491705850", oauth_timestamp="1491705850", oauth_version="1.0", oauth_signature_method="HMAC-SHA1", oauth_consumer_key="Xwyo58h2AENSpVRKMXwzAGAA4", oauth_token="343711606-1MQsOZuGfffIUovOSMC5377FRAZI8zK6BCD0mWBI", oauth_signature="Tqn6n%2FOz%2BFbLt2ksl9oP1x%2BSWvQ%3D"'}
2017-04-09 02:44:10,014 - requests_oauthlib.oauth1_auth - DEBUG - Updated body: u'track=a%2Cthe%2Ci%2Cyou%2Cu&language=en'
2017-04-09 02:44:10,014 - requests.packages.urllib3.connectionpool - INFO - Starting new HTTPS connection (2): stream.twitter.com
2017-04-09 02:44:10,104 - requests.packages.urllib3.connectionpool - DEBUG - "POST /1.1/statuses/filter.json?delimited=length HTTP/1.1" 200 None
